TN:
SF:src\services\debtSimplification.ts
FN:16,simplifyDebts
FN:29,(anonymous_1)
FN:32,(anonymous_2)
FN:33,(anonymous_3)
FN:34,(anonymous_4)
FN:37,(anonymous_5)
FN:38,(anonymous_6)
FN:39,(anonymous_7)
FNF:8
FNH:8
FNDA:7,simplifyDebts
FNDA:21,(anonymous_1)
FNDA:15,(anonymous_2)
FNDA:9,(anonymous_3)
FNDA:4,(anonymous_4)
FNDA:15,(anonymous_5)
FNDA:6,(anonymous_6)
FNDA:1,(anonymous_7)
DA:18,7
DA:20,7
DA:21,15
DA:22,15
DA:23,15
DA:28,7
DA:29,21
DA:31,7
DA:32,15
DA:33,9
DA:34,4
DA:36,7
DA:37,15
DA:38,6
DA:39,1
DA:41,7
DA:43,7
DA:44,7
DA:47,7
DA:48,9
DA:49,9
DA:51,9
DA:52,9
DA:54,9
DA:55,9
DA:56,9
DA:63,9
DA:64,9
DA:66,9
DA:67,9
DA:70,7
LF:31
LH:31
BRDA:16,0,0,7
BRDA:21,1,0,0
BRDA:21,1,1,15
BRDA:22,2,0,15
BRDA:22,2,1,8
BRDA:23,3,0,15
BRDA:23,3,1,13
BRDA:47,4,0,7
BRDA:47,4,1,9
BRDA:55,5,0,9
BRDA:55,5,1,0
BRDA:66,6,0,9
BRDA:66,6,1,0
BRDA:67,7,0,6
BRDA:67,7,1,3
BRF:15
BRH:12
end_of_record
